[debug] [2025-07-15T17:31:42.915Z] ----------------------------------------------------------------------
[debug] [2025-07-15T17:31:42.919Z] Command:       C:\Program Files\nodejs\node.exe C:\Users\aiy722\AppData\Roaming\npm\node_modules\firebase-tools\lib\bin\firebase.js init
[debug] [2025-07-15T17:31:42.920Z] CLI Version:   14.10.1
[debug] [2025-07-15T17:31:42.920Z] Platform:      win32
[debug] [2025-07-15T17:31:42.920Z] Node Version:  v22.14.0
[debug] [2025-07-15T17:31:42.920Z] Time:          Tue Jul 15 2025 19:31:42 GMT+0200 (centraleuropeisk sommartid)
[debug] [2025-07-15T17:31:42.920Z] ----------------------------------------------------------------------
[debug] 
[debug] [2025-07-15T17:31:43.071Z] > command requires scopes: ["email","openid","https://www.googleapis.com/auth/cloudplatformprojects.readonly","https://www.googleapis.com/auth/firebase","https://www.googleapis.com/auth/cloud-platform"]
[debug] [2025-07-15T17:31:43.072Z] > authorizing via signed-in user (pendyalasaikumar11@gmail.com)
[info] 
     ######## #### ########  ######## ########     ###     ######  ########
     ##        ##  ##     ## ##       ##     ##  ##   ##  ##       ##
     ######    ##  ########  ######   ########  #########  ######  ######
     ##        ##  ##    ##  ##       ##     ## ##     ##       ## ##
     ##       #### ##     ## ######## ########  ##     ##  ######  ########

You're about to initialize a Firebase project in this directory:

  C:\Users\aiy722\Personal\resume-analyzer

Before we get started, keep in mind:

  * You are initializing within an existing Firebase project directory

[info] 
=== Project Setup
[info] 
[info] First, let's associate this project directory with a Firebase project.
[info] You can create multiple project aliases by running firebase use --add, 
[info] but for now we'll just set up a default project.
[info] 
[debug] [2025-07-15T17:31:49.104Z] Using project from CLI flag: smartcvscan
[debug] [2025-07-15T17:31:49.104Z] Checked if tokens are valid: true, expires at: 1752603143051
[debug] [2025-07-15T17:31:49.105Z] Checked if tokens are valid: true, expires at: 1752603143051
[debug] [2025-07-15T17:31:49.105Z] >>> [apiv2][query] GET https://firebase.googleapis.com/v1beta1/projects/smartcvscan [none]
[debug] [2025-07-15T17:31:49.578Z] <<< [apiv2][status] GET https://firebase.googleapis.com/v1beta1/projects/smartcvscan 200
[debug] [2025-07-15T17:31:49.578Z] <<< [apiv2][body] GET https://firebase.googleapis.com/v1beta1/projects/smartcvscan {"projectId":"smartcvscan","projectNumber":"610778370223","displayName":"smartcvscan","name":"projects/smartcvscan","resources":{"hostingSite":"smartcvscan"},"state":"ACTIVE","etag":"1_2cdd48fd-a856-4f71-82e0-d6154c7b39f9"}
[info] i  Using project smartcvscan (smartcvscan) 
[info] 
=== Functions Setup
[debug] [2025-07-15T17:31:49.593Z] > command requires scopes: ["email","openid","https://www.googleapis.com/auth/cloudplatformprojects.readonly","https://www.googleapis.com/auth/firebase","https://www.googleapis.com/auth/cloud-platform"]
[debug] [2025-07-15T17:31:49.593Z] > authorizing via signed-in user (pendyalasaikumar11@gmail.com)
[debug] [2025-07-15T17:31:49.593Z] [iam] checking project smartcvscan for permissions ["firebase.projects.get"]
[debug] [2025-07-15T17:31:49.594Z] Checked if tokens are valid: true, expires at: 1752603143051
[debug] [2025-07-15T17:31:49.594Z] Checked if tokens are valid: true, expires at: 1752603143051
[debug] [2025-07-15T17:31:49.594Z] >>> [apiv2][query] POST https://cloudresourcemanager.googleapis.com/v1/projects/smartcvscan:testIamPermissions [none]
[debug] [2025-07-15T17:31:49.594Z] >>> [apiv2][(partial)header] POST https://cloudresourcemanager.googleapis.com/v1/projects/smartcvscan:testIamPermissions x-goog-quota-user=projects/smartcvscan
[debug] [2025-07-15T17:31:49.594Z] >>> [apiv2][body] POST https://cloudresourcemanager.googleapis.com/v1/projects/smartcvscan:testIamPermissions {"permissions":["firebase.projects.get"]}
[debug] [2025-07-15T17:31:49.829Z] <<< [apiv2][status] POST https://cloudresourcemanager.googleapis.com/v1/projects/smartcvscan:testIamPermissions 200
[debug] [2025-07-15T17:31:49.829Z] <<< [apiv2][body] POST https://cloudresourcemanager.googleapis.com/v1/projects/smartcvscan:testIamPermissions {"permissions":["firebase.projects.get"]}
[info] 
Detected existing codebase(s): default

[debug] [2025-07-15T17:31:56.588Z] ExitPromptError: User force closed the prompt with SIGINT
    at Interface.sigint (C:\Users\aiy722\AppData\Roaming\npm\node_modules\firebase-tools\node_modules\@inquirer\core\dist\commonjs\lib\create-prompt.js:101:37)
    at Interface.emit (node:events:518:28)
    at Interface.emit (node:domain:489:12)
    at [_ttyWrite] [as _ttyWrite] (node:internal/readline/interface:1124:18)
    at ReadStream.onkeypress (node:internal/readline/interface:263:20)
    at ReadStream.emit (node:events:530:35)
    at ReadStream.emit (node:domain:489:12)
    at emitKeys (node:internal/readline/utils:370:14)
    at emitKeys.next (<anonymous>)
    at ReadStream.onData (node:internal/readline/emitKeypressEvents:64:36)
[error] 
[error] Error: An unexpected error has occurred.
